Processing ./.
  Installing build dependencies: started
  Installing build dependencies: finished with status 'done'
  Getting requirements to build wheel: started
  Getting requirements to build wheel: finished with status 'done'
  Preparing metadata (pyproject.toml): started
  Preparing metadata (pyproject.toml): finished with status 'done'
Collecting pytest>=7.0 (from sworncode==0.4.0)
  Using cached pytest-9.0.2-py3-none-any.whl.metadata (7.6 kB)
Collecting pynacl>=1.5.0 (from sworncode==0.4.0)
  Using cached pynacl-1.6.2-cp38-abi3-macosx_10_10_universal2.whl.metadata (10.0 kB)
Collecting cffi>=2.0.0 (from pynacl>=1.5.0->sworncode==0.4.0)
  Using cached cffi-2.0.0-cp312-cp312-macosx_11_0_arm64.whl.metadata (2.6 kB)
Collecting pycparser (from cffi>=2.0.0->pynacl>=1.5.0->sworncode==0.4.0)
  Using cached pycparser-3.0-py3-none-any.whl.metadata (8.2 kB)
Collecting iniconfig>=1.0.1 (from pytest>=7.0->sworncode==0.4.0)
  Using cached iniconfig-2.3.0-py3-none-any.whl.metadata (2.5 kB)
Requirement already satisfied: packaging>=22 in ./.venv-release/lib/python3.12/site-packages (from pytest>=7.0->sworncode==0.4.0) (26.0)
Collecting pluggy<2,>=1.5 (from pytest>=7.0->sworncode==0.4.0)
  Using cached pluggy-1.6.0-py3-none-any.whl.metadata (4.8 kB)
Requirement already satisfied: pygments>=2.7.2 in ./.venv-release/lib/python3.12/site-packages (from pytest>=7.0->sworncode==0.4.0) (2.19.2)
Using cached pynacl-1.6.2-cp38-abi3-macosx_10_10_universal2.whl (388 kB)
Using cached cffi-2.0.0-cp312-cp312-macosx_11_0_arm64.whl (181 kB)
Using cached pytest-9.0.2-py3-none-any.whl (374 kB)
Using cached pluggy-1.6.0-py3-none-any.whl (20 kB)
Using cached iniconfig-2.3.0-py3-none-any.whl (7.5 kB)
Using cached pycparser-3.0-py3-none-any.whl (48 kB)
Building wheels for collected packages: sworncode
  Building wheel for sworncode (pyproject.toml): started
  Building wheel for sworncode (pyproject.toml): finished with status 'done'
  Created wheel for sworncode: filename=sworncode-0.4.0-py3-none-any.whl size=39408 sha256=24e2e481c635715e2b3692560a596d1e0fd377f86121f213a84f10652bcf05bf
  Stored in directory: /private/var/folders/dc/m9w905bd0gl9376h5_vm_b3m0000gn/T/pip-ephem-wheel-cache-y4cv9p9x/wheels/c7/80/d0/0e5a25bd78fd21f520688e996c2409966ab0a078f5426d2742
Successfully built sworncode
Installing collected packages: sworncode, pycparser, pluggy, iniconfig, pytest, cffi, pynacl

Successfully installed cffi-2.0.0 iniconfig-2.3.0 pluggy-1.6.0 pycparser-3.0 pynacl-1.6.2 pytest-9.0.2 sworncode-0.4.0
