Requirement already satisfied: pip in ./.venv-release/lib/python3.12/site-packages (25.3)
Collecting pip
  Using cached pip-26.0.1-py3-none-any.whl.metadata (4.7 kB)
Collecting setuptools
  Using cached setuptools-82.0.0-py3-none-any.whl.metadata (6.6 kB)
Collecting wheel
  Using cached wheel-0.46.3-py3-none-any.whl.metadata (2.4 kB)
Collecting build
  Using cached build-1.4.0-py3-none-any.whl.metadata (5.8 kB)
Collecting twine
  Using cached twine-6.2.0-py3-none-any.whl.metadata (3.6 kB)
Collecting packaging>=24.0 (from wheel)
  Using cached packaging-26.0-py3-none-any.whl.metadata (3.3 kB)
Collecting pyproject_hooks (from build)
  Using cached pyproject_hooks-1.2.0-py3-none-any.whl.metadata (1.3 kB)
Collecting readme-renderer>=35.0 (from twine)
  Using cached readme_renderer-44.0-py3-none-any.whl.metadata (2.8 kB)
Collecting requests>=2.20 (from twine)
  Using cached requests-2.32.5-py3-none-any.whl.metadata (4.9 kB)
Collecting requests-toolbelt!=0.9.0,>=0.8.0 (from twine)
  Using cached requests_toolbelt-1.0.0-py2.py3-none-any.whl.metadata (14 kB)
Collecting urllib3>=1.26.0 (from twine)
  Using cached urllib3-2.6.3-py3-none-any.whl.metadata (6.9 kB)
Collecting keyring>=21.2.0 (from twine)
  Using cached keyring-25.7.0-py3-none-any.whl.metadata (21 kB)
Collecting rfc3986>=1.4.0 (from twine)
  Using cached rfc3986-2.0.0-py2.py3-none-any.whl.metadata (6.6 kB)
Collecting rich>=12.0.0 (from twine)
  Using cached rich-14.3.3-py3-none-any.whl.metadata (18 kB)
Collecting id (from twine)
  Using cached id-1.6.1-py3-none-any.whl.metadata (5.1 kB)
Collecting jaraco.classes (from keyring>=21.2.0->twine)
  Using cached jaraco.classes-3.4.0-py3-none-any.whl.metadata (2.6 kB)
Collecting jaraco.functools (from keyring>=21.2.0->twine)
  Using cached jaraco_functools-4.4.0-py3-none-any.whl.metadata (3.0 kB)
Collecting jaraco.context (from keyring>=21.2.0->twine)
  Using cached jaraco_context-6.1.0-py3-none-any.whl.metadata (4.3 kB)
Collecting nh3>=0.2.14 (from readme-renderer>=35.0->twine)
  Using cached nh3-0.3.3-cp38-abi3-macosx_10_12_x86_64.macosx_11_0_arm64.macosx_10_12_universal2.whl.metadata (2.0 kB)
Collecting docutils>=0.21.2 (from readme-renderer>=35.0->twine)
  Using cached docutils-0.22.4-py3-none-any.whl.metadata (15 kB)
Collecting Pygments>=2.5.1 (from readme-renderer>=35.0->twine)
  Using cached pygments-2.19.2-py3-none-any.whl.metadata (2.5 kB)
Collecting charset_normalizer<4,>=2 (from requests>=2.20->twine)
  Using cached charset_normalizer-3.4.5-cp312-cp312-macosx_10_13_universal2.whl.metadata (39 kB)
Collecting idna<4,>=2.5 (from requests>=2.20->twine)
  Using cached idna-3.11-py3-none-any.whl.metadata (8.4 kB)
Collecting certifi>=2017.4.17 (from requests>=2.20->twine)
  Using cached certifi-2026.2.25-py3-none-any.whl.metadata (2.5 kB)
Collecting markdown-it-py>=2.2.0 (from rich>=12.0.0->twine)
  Using cached markdown_it_py-4.0.0-py3-none-any.whl.metadata (7.3 kB)
Collecting mdurl~=0.1 (from markdown-it-py>=2.2.0->rich>=12.0.0->twine)
  Using cached mdurl-0.1.2-py3-none-any.whl.metadata (1.6 kB)
Collecting more-itertools (from jaraco.classes->keyring>=21.2.0->twine)
  Using cached more_itertools-10.8.0-py3-none-any.whl.metadata (39 kB)
Using cached pip-26.0.1-py3-none-any.whl (1.8 MB)
Using cached setuptools-82.0.0-py3-none-any.whl (1.0 MB)
Using cached wheel-0.46.3-py3-none-any.whl (30 kB)
Using cached build-1.4.0-py3-none-any.whl (24 kB)
Using cached twine-6.2.0-py3-none-any.whl (42 kB)
Using cached keyring-25.7.0-py3-none-any.whl (39 kB)
Using cached packaging-26.0-py3-none-any.whl (74 kB)
Using cached readme_renderer-44.0-py3-none-any.whl (13 kB)
Using cached docutils-0.22.4-py3-none-any.whl (633 kB)
Using cached nh3-0.3.3-cp38-abi3-macosx_10_12_x86_64.macosx_11_0_arm64.macosx_10_12_universal2.whl (1.4 MB)
Using cached pygments-2.19.2-py3-none-any.whl (1.2 MB)
Using cached requests-2.32.5-py3-none-any.whl (64 kB)
Using cached charset_normalizer-3.4.5-cp312-cp312-macosx_10_13_universal2.whl (280 kB)
Using cached idna-3.11-py3-none-any.whl (71 kB)
Using cached urllib3-2.6.3-py3-none-any.whl (131 kB)
Using cached certifi-2026.2.25-py3-none-any.whl (153 kB)
Using cached requests_toolbelt-1.0.0-py2.py3-none-any.whl (54 kB)
Using cached rfc3986-2.0.0-py2.py3-none-any.whl (31 kB)
Using cached rich-14.3.3-py3-none-any.whl (310 kB)
Using cached markdown_it_py-4.0.0-py3-none-any.whl (87 kB)
Using cached mdurl-0.1.2-py3-none-any.whl (10.0 kB)
Using cached id-1.6.1-py3-none-any.whl (14 kB)
Using cached jaraco.classes-3.4.0-py3-none-any.whl (6.8 kB)
Using cached jaraco_context-6.1.0-py3-none-any.whl (7.1 kB)
Using cached jaraco_functools-4.4.0-py3-none-any.whl (10 kB)
Using cached more_itertools-10.8.0-py3-none-any.whl (69 kB)
Using cached pyproject_hooks-1.2.0-py3-none-any.whl (10 kB)
Installing collected packages: urllib3, setuptools, rfc3986, pyproject_hooks, Pygments, pip, packaging, nh3, more-itertools, mdurl, jaraco.context, idna, docutils, charset_normalizer, certifi, wheel, requests, readme-renderer, markdown-it-py, jaraco.functools, jaraco.classes, id, build, rich, requests-toolbelt, keyring, twine
  Attempting uninstall: pip
    Found existing installation: pip 25.3
    Uninstalling pip-25.3:
      Successfully uninstalled pip-25.3

Successfully installed Pygments-2.19.2 build-1.4.0 certifi-2026.2.25 charset_normalizer-3.4.5 docutils-0.22.4 id-1.6.1 idna-3.11 jaraco.classes-3.4.0 jaraco.context-6.1.0 jaraco.functools-4.4.0 keyring-25.7.0 markdown-it-py-4.0.0 mdurl-0.1.2 more-itertools-10.8.0 nh3-0.3.3 packaging-26.0 pip-26.0.1 pyproject_hooks-1.2.0 readme-renderer-44.0 requests-2.32.5 requests-toolbelt-1.0.0 rfc3986-2.0.0 rich-14.3.3 setuptools-82.0.0 twine-6.2.0 urllib3-2.6.3 wheel-0.46.3
